[+] Containers:
 |- [+] Container: /Game/ThirdPerson/Maps/ThirdPersonMap
 |   |- [+] ActorDescs:
 |   |   |- Guid:0ADD902640968010529B8BA8AE6FA879 NativeClass:/Script/Engine.StaticMeshActor Name:StaticMeshActor_UAID_9C2DCD235CB5286C02_1315581583 Label:SM_Campfire SpatiallyLoaded:true EditorBounds:IsValid=true, Min=(X=2646.241 Y=4607.541 Z=21.093), Max=(X=2771.316 Y=4734.232 Z=78.638) RuntimeBounds:IsValid=true, Min=(X=2646.241 Y=4607.541 Z=21.093), Max=(X=2771.316 Y=4734.232 Z=78.638) RuntimeGrid:None EditorOnly:false RuntimeOnly:false HLODRelevant:true ListedInSceneOutliner:true IsMainWorldOnly:false
 |   |   |- Guid:1228D27844BA9C032F61939F2D44C6EC NativeClass:/Script/Engine.StaticMeshActor Name:StaticMeshActor_UAID_9C2DCD235CB5216C02_1649678360 Label:SM_Cube8 SpatiallyLoaded:true EditorBounds:IsValid=true, Min=(X=1500.000 Y=600.000 Z=700.000), Max=(X=1600.000 Y=1000.000 Z=1200.000) RuntimeBounds:IsValid=true, Min=(X=1500.000 Y=600.000 Z=700.000), Max=(X=1600.000 Y=1000.000 Z=1200.000) RuntimeGrid:None EditorOnly:false RuntimeOnly:false HLODRelevant:true ListedInSceneOutliner:true IsMainWorldOnly:false FolderPath:Playground FolderGuid:C73F09FC4215536B1DCE2A9E0A830C70
 |   |   |- Guid:2FB58999456391D349DC0F86DAC136ED NativeClass:/Script/Engine.SkyLight Name:SkyLight_1 Label:SkyLight SpatiallyLoaded:false EditorBounds:IsValid=true, Min=(X=0.000 Y=0.000 Z=690.000), Max=(X=0.000 Y=0.000 Z=690.000) RuntimeBounds:IsValid=true, Min=(X=0.000 Y=0.000 Z=690.000), Max=(X=0.000 Y=0.000 Z=690.000) RuntimeGrid:None EditorOnly:false RuntimeOnly:false HLODRelevant:false ListedInSceneOutliner:true IsMainWorldOnly:false FolderPath:Lighting FolderGuid:963EC3EB4002CCE9759E2EBA541A873A
 |   |   |- Guid:316CF2A6494ACA4C0E4180A87D36AB8F NativeClass:/Script/Engine.ExponentialHeightFog Name:ExponentialHeightFog_0 Label:ExponentialHeightFog SpatiallyLoaded:false EditorBounds:IsValid=true, Min=(X=-5600.000 Y=-50.000 Z=-6850.000), Max=(X=-5600.000 Y=-50.000 Z=-6850.000) RuntimeBounds:IsValid=true, Min=(X=-5600.000 Y=-50.000 Z=-6850.000), Max=(X=-5600.000 Y=-50.000 Z=-6850.000) RuntimeGrid:None EditorOnly:false RuntimeOnly:false HLODRelevant:false ListedInSceneOutliner:true IsMainWorldOnly:false FolderPath:Lighting FolderGuid:963EC3EB4002CCE9759E2EBA541A873A
 |   |   |- Guid:3A00AA1C422CE54C0BDB60BAF471BFBB NativeClass:/Script/Engine.PlayerStart Name:PlayerStart_0 Label:PlayerStart SpatiallyLoaded:false EditorBounds:IsValid=true, Min=(X=2360.394 Y=4482.076 Z=22.919), Max=(X=2728.394 Y=4738.076 Z=278.919) RuntimeBounds:IsValid=true, Min=(X=2448.394 Y=4570.076 Z=58.919), Max=(X=2528.394 Y=4650.076 Z=242.919) RuntimeGrid:None EditorOnly:false RuntimeOnly:false HLODRelevant:false ListedInSceneOutliner:true IsMainWorldOnly:false
 |   |   |- Guid:4D3BE93F4146AAAC8BBE79999D96D57F NativeClass:/Script/Engine.VolumetricCloud Name:VolumetricCloud_0 Label:VolumetricCloud SpatiallyLoaded:false EditorBounds:IsValid=true, Min=(X=0.000 Y=0.000 Z=820.000), Max=(X=0.000 Y=0.000 Z=820.000) RuntimeBounds:IsValid=true, Min=(X=0.000 Y=0.000 Z=820.000), Max=(X=0.000 Y=0.000 Z=820.000) RuntimeGrid:None EditorOnly:false RuntimeOnly:false HLODRelevant:false ListedInSceneOutliner:true IsMainWorldOnly:false FolderPath:Lighting FolderGuid:963EC3EB4002CCE9759E2EBA541A873A
 |   |   |- Guid:4E3511344B644AC5BC594D8AED83F752 NativeClass:/Script/Engine.StaticMeshActor Name:StaticMeshActor_UAID_9C2DCD235CB5216C02_1538561358 Label:SM_Cube6 SpatiallyLoaded:true EditorBounds:IsValid=true, Min=(X=1500.000 Y=1000.000 Z=0.000), Max=(X=1600.000 Y=3400.000 Z=1200.000) RuntimeBounds:IsValid=true, Min=(X=1500.000 Y=1000.000 Z=0.000), Max=(X=1600.000 Y=3400.000 Z=1200.000) RuntimeGrid:None EditorOnly:false RuntimeOnly:false HLODRelevant:true ListedInSceneOutliner:true IsMainWorldOnly:false FolderPath:Playground FolderGuid:C73F09FC4215536B1DCE2A9E0A830C70
 |   |   |- Guid:5B97F4A64FB21F77EFC44386BF705B4C NativeClass:/Script/Engine.TextRenderActor Name:TextRenderActor_1 Label:TextRenderActor SpatiallyLoaded:true EditorBounds:IsValid=true, Min=(X=-0.100 Y=1100.000 Z=65.013), Max=(X=-0.100 Y=2392.308 Z=215.013) RuntimeBounds:IsValid=true, Min=(X=-0.100 Y=1100.000 Z=65.013), Max=(X=-0.100 Y=2392.308 Z=215.013) RuntimeGrid:None EditorOnly:false RuntimeOnly:false HLODRelevant:false ListedInSceneOutliner:true IsMainWorldOnly:false
 |   |   |- Guid:5C4CB20A41A30338ECE7D7AECF37582A NativeClass:/Script/Engine.Emitter Name:Emitter_UAID_9C2DCD235CB52A6C02_1104739940 Label:P_Campfire2 SpatiallyLoaded:true EditorBounds:IsValid=true, Min=(X=1494.234 Y=2829.608 Z=-237.961), Max=(X=2160.000 Y=3423.868 Z=389.744) RuntimeBounds:IsValid=true, Min=(X=1494.234 Y=2829.608 Z=-237.961), Max=(X=2104.043 Y=3423.868 Z=389.744) RuntimeGrid:None EditorOnly:false RuntimeOnly:false HLODRelevant:false ListedInSceneOutliner:true IsMainWorldOnly:false
 |   |   |- Guid:659087BD44A7E52B9784B083579D4CAE NativeClass:/Script/AkAudio.AkSpatialAudioVolume Name:AkSpatialAudioVolume_UAID_9C2DCD235CB51E6C02_1882391825 Label:Room_Base SpatiallyLoaded:true EditorBounds:IsValid=true, Min=(X=-944.870 Y=-845.689 Z=-164.478), Max=(X=8255.130 Y=7507.436 Z=1553.312) RuntimeBounds:IsValid=true, Min=(X=-944.870 Y=-845.689 Z=-164.478), Max=(X=8255.130 Y=7507.436 Z=1335.522) RuntimeGrid:None EditorOnly:false RuntimeOnly:false HLODRelevant:false ListedInSceneOutliner:true IsMainWorldOnly:false
 |   |   |- Guid:6BAF4DDD444C60371492D3919DB42C97 NativeClass:/Script/Engine.WorldDataLayers Name:WorldDataLayers Label:WorldDataLayers SpatiallyLoaded:false EditorBounds:IsValid=true, Min=(X=0.000 Y=0.000 Z=0.000), Max=(X=0.000 Y=0.000 Z=0.000) RuntimeBounds:IsValid=true, Min=(X=0.000 Y=0.000 Z=0.000), Max=(X=0.000 Y=0.000 Z=0.000) RuntimeGrid:None EditorOnly:false RuntimeOnly:false HLODRelevant:false ListedInSceneOutliner:true IsMainWorldOnly:true
 |   |   |- Guid:734640FB4B09A23D790573B8D2C94A0A NativeClass:/Script/AkAudio.AkAcousticPortal Name:AkAcousticPortal_UAID_9C2DCD235CB5206C02_1717967180 Label:AkAcousticPortal SpatiallyLoaded:true EditorBounds:IsValid=true, Min=(X=2515.000 Y=3280.000 Z=-25.000), Max=(X=2965.000 Y=3480.000 Z=725.000) RuntimeBounds:IsValid=true, Min=(X=2515.000 Y=3280.000 Z=-25.000), Max=(X=2965.000 Y=3480.000 Z=725.000) RuntimeGrid:None EditorOnly:false RuntimeOnly:false HLODRelevant:false ListedInSceneOutliner:true IsMainWorldOnly:false
 |   |   |- Guid:779E1651467D366DFACA298D6F227C4F BaseClass:/Game/BP/BP_Campfire.BP_Campfire_C NativeClass:/Script/Engine.Actor Name:BP_Campfire_C_UAID_9C2DCD235CB5286C02_1553328585 Label:BP_Campfire SpatiallyLoaded:true EditorBounds:IsValid=true, Min=(X=2710.000 Y=4680.000 Z=90.000), Max=(X=2710.000 Y=4680.000 Z=90.000) RuntimeBounds:IsValid=true, Min=(X=2710.000 Y=4680.000 Z=90.000), Max=(X=2710.000 Y=4680.000 Z=90.000) RuntimeGrid:None EditorOnly:false RuntimeOnly:false HLODRelevant:false ListedInSceneOutliner:true IsMainWorldOnly:false
 |   |   |- Guid:895D419F4DCD5CC6060A9A91D6FB7EBF NativeClass:/Script/Engine.StaticMeshActor Name:StaticMeshActor_UAID_9C2DCD235CB5226C02_1171018537 Label:SM_Cube3 SpatiallyLoaded:true EditorBounds:IsValid=true, Min=(X=0.000 Y=3320.000 Z=0.000), Max=(X=2600.000 Y=3420.000 Z=1200.000) RuntimeBounds:IsValid=true, Min=(X=0.000 Y=3320.000 Z=0.000), Max=(X=2600.000 Y=3420.000 Z=1200.000) RuntimeGrid:None EditorOnly:false RuntimeOnly:false HLODRelevant:true ListedInSceneOutliner:true IsMainWorldOnly:false
 |   |   |- Guid:8D33BDCB4BB05E34870DE38FAC1F1D2B NativeClass:/Script/Engine.StaticMeshActor Name:StaticMeshActor_UAID_9C2DCD235CB5216C02_1595377359 Label:SM_Cube7 SpatiallyLoaded:true EditorBounds:IsValid=true, Min=(X=1500.000 Y=100.000 Z=0.000), Max=(X=1600.000 Y=600.000 Z=1200.000) RuntimeBounds:IsValid=true, Min=(X=1500.000 Y=100.000 Z=0.000), Max=(X=1600.000 Y=600.000 Z=1200.000) RuntimeGrid:None EditorOnly:false RuntimeOnly:false HLODRelevant:true ListedInSceneOutliner:true IsMainWorldOnly:false FolderPath:Playground FolderGuid:C73F09FC4215536B1DCE2A9E0A830C70
 |   |   |- Guid:916A0CF2485350B3E8BA98BCCA7AF4B7 NativeClass:/Script/Engine.Emitter Name:Emitter_UAID_9C2DCD235CB5286C02_1341968584 Label:P_Campfire SpatiallyLoaded:true EditorBounds:IsValid=true, Min=(X=2369.310 Y=4333.977 Z=-282.072), Max=(X=3070.000 Y=4997.345 Z=381.296) RuntimeBounds:IsValid=true, Min=(X=2369.310 Y=4333.977 Z=-282.072), Max=(X=3032.678 Y=4997.345 Z=381.296) RuntimeGrid:None EditorOnly:false RuntimeOnly:false HLODRelevant:false ListedInSceneOutliner:true IsMainWorldOnly:false
 |   |   |- Guid:A56216954B2165CF0F35A886B537D536 NativeClass:/Script/Engine.StaticMeshActor Name:StaticMeshActor_0 Label:SM_Cube5 SpatiallyLoaded:true EditorBounds:IsValid=true, Min=(X=-0.000 Y=100.000 Z=0.000), Max=(X=3000.000 Y=3419.515 Z=1200.000) RuntimeBounds:IsValid=true, Min=(X=-0.000 Y=100.000 Z=0.000), Max=(X=3000.000 Y=3419.515 Z=1200.000) RuntimeGrid:None EditorOnly:false RuntimeOnly:false HLODRelevant:true ListedInSceneOutliner:true IsMainWorldOnly:false FolderPath:Playground FolderGuid:C73F09FC4215536B1DCE2A9E0A830C70
 |   |   |- Guid:A9487A234298224F4F8944B6FC9F19A4 NativeClass:/Script/Engine.StaticMeshActor Name:StaticMeshActor_UAID_9C2DCD235CB52A6C02_1076126939 Label:SM_Campfire2 SpatiallyLoaded:true EditorBounds:IsValid=true, Min=(X=1720.301 Y=3051.926 Z=18.866), Max=(X=1876.646 Y=3210.290 Z=90.798) RuntimeBounds:IsValid=true, Min=(X=1720.301 Y=3051.926 Z=18.866), Max=(X=1876.646 Y=3210.290 Z=90.798) RuntimeGrid:None EditorOnly:false RuntimeOnly:false HLODRelevant:true ListedInSceneOutliner:true IsMainWorldOnly:false
 |   |   |- Guid:B785ED2844B84CFB91E7F39FE661CD99 NativeClass:/Script/Engine.DirectionalLight Name:DirectionalLight_0 Label:DirectionalLight SpatiallyLoaded:false EditorBounds:IsValid=true, Min=(X=-1048576.000 Y=-1048576.000 Z=-1048576.000), Max=(X=1048576.000 Y=1048576.000 Z=1048576.000) RuntimeBounds:IsValid=true, Min=(X=-1048576.000 Y=-1048576.000 Z=-1048576.000), Max=(X=1048576.000 Y=1048576.000 Z=1048576.000) RuntimeGrid:None EditorOnly:false RuntimeOnly:false HLODRelevant:false ListedInSceneOutliner:true IsMainWorldOnly:false FolderPath:Lighting FolderGuid:963EC3EB4002CCE9759E2EBA541A873A
 |   |   |- Guid:BC08B79C4EA3C961CFF75EBBE83B367D NativeClass:/Script/Engine.StaticMeshActor Name:StaticMeshActor_5 Label:SM_Cube2 SpatiallyLoaded:true EditorBounds:IsValid=true, Min=(X=0.000 Y=0.000 Z=0.000), Max=(X=3000.000 Y=100.000 Z=1200.000) RuntimeBounds:IsValid=true, Min=(X=0.000 Y=0.000 Z=0.000), Max=(X=3000.000 Y=100.000 Z=1200.000) RuntimeGrid:None EditorOnly:false RuntimeOnly:false HLODRelevant:true ListedInSceneOutliner:true IsMainWorldOnly:false FolderPath:Playground FolderGuid:C73F09FC4215536B1DCE2A9E0A830C70
 |   |   |- Guid:CCFF262C46EEFFDF319E7F9539CE697E NativeClass:/Script/Engine.SkyAtmosphere Name:SkyAtmosphere_0 Label:SkyAtmosphere SpatiallyLoaded:false EditorBounds:IsValid=true, Min=(X=0.000 Y=0.000 Z=1020.000), Max=(X=0.000 Y=0.000 Z=1020.000) RuntimeBounds:IsValid=true, Min=(X=0.000 Y=0.000 Z=1020.000), Max=(X=0.000 Y=0.000 Z=1020.000) RuntimeGrid:None EditorOnly:false RuntimeOnly:false HLODRelevant:false ListedInSceneOutliner:true IsMainWorldOnly:false FolderPath:Lighting FolderGuid:963EC3EB4002CCE9759E2EBA541A873A
 |   |   |- Guid:DB50A1614F976ABD088340AA542CDA41 NativeClass:/Script/AkAudio.AkSpatialAudioVolume Name:AkSpatialAudioVolume_UAID_9C2DCD235CB5206C02_1262476179 Label:Room_Int SpatiallyLoaded:true EditorBounds:IsValid=true, Min=(X=15.059 Y=13.446 Z=-42.230), Max=(X=2965.059 Y=3413.446 Z=1429.857) RuntimeBounds:IsValid=true, Min=(X=15.059 Y=13.446 Z=-42.230), Max=(X=2965.059 Y=3413.446 Z=1202.230) RuntimeGrid:None EditorOnly:false RuntimeOnly:false HLODRelevant:false ListedInSceneOutliner:true IsMainWorldOnly:false
 |   |   |- Guid:EC4E0C944CE6AC6E784BC6BB2916EA13 NativeClass:/Script/Engine.StaticMeshActor Name:StaticMeshActor_UAID_A4AE111137DC5EFB00_1110535423 Label:SM_SkySphere SpatiallyLoaded:false EditorBounds:IsValid=true, Min=(X=-1638399.963 Y=-1638400.000 Z=-1638400.000), Max=(X=1638399.963 Y=1638400.000 Z=1638400.000) RuntimeBounds:IsValid=true, Min=(X=-1638399.963 Y=-1638400.000 Z=-1638400.000), Max=(X=1638399.963 Y=1638400.000 Z=1638400.000) RuntimeGrid:None EditorOnly:false RuntimeOnly:false HLODRelevant:false ListedInSceneOutliner:true IsMainWorldOnly:false FolderPath:Lighting FolderGuid:963EC3EB4002CCE9759E2EBA541A873A
 |   |   |- Guid:F1924B8D48954B30891B2DB6A694F9CC NativeClass:/Script/Engine.StaticMeshActor Name:StaticMeshActor_1 Label:SM_Cube SpatiallyLoaded:true EditorBounds:IsValid=true, Min=(X=0.000 Y=0.000 Z=-50.000), Max=(X=6950.000 Y=6250.000 Z=25.000) RuntimeBounds:IsValid=true, Min=(X=0.000 Y=0.000 Z=-50.000), Max=(X=6950.000 Y=6250.000 Z=25.000) RuntimeGrid:None EditorOnly:false RuntimeOnly:false HLODRelevant:true ListedInSceneOutliner:true IsMainWorldOnly:false FolderPath:Playground FolderGuid:C73F09FC4215536B1DCE2A9E0A830C70
 |   |   |- Guid:F5E3FEB3450C49844FD93DA8E083C8AD NativeClass:/Script/Engine.PostProcessVolume Name:PostProcessVolume_0 Label:PostProcessVolume SpatiallyLoaded:false EditorBounds:IsValid=true, Min=(X=0.000 Y=0.000 Z=400.000), Max=(X=200.000 Y=200.000 Z=600.000) RuntimeBounds:IsValid=true, Min=(X=0.000 Y=0.000 Z=400.000), Max=(X=200.000 Y=200.000 Z=600.000) RuntimeGrid:None EditorOnly:false RuntimeOnly:false HLODRelevant:false ListedInSceneOutliner:true IsMainWorldOnly:false FolderPath:Lighting FolderGuid:963EC3EB4002CCE9759E2EBA541A873A
 |   |   |- Guid:FFF233FA4474F9EFAA942E8A9CB80753 NativeClass:/Script/Engine.StaticMeshActor Name:StaticMeshActor_UAID_9C2DCD235CB5226C02_1235918538 Label:SM_Cube4 SpatiallyLoaded:true EditorBounds:IsValid=true, Min=(X=2600.000 Y=3320.000 Z=700.000), Max=(X=2900.000 Y=3420.000 Z=1200.000) RuntimeBounds:IsValid=true, Min=(X=2600.000 Y=3320.000 Z=700.000), Max=(X=2900.000 Y=3420.000 Z=1200.000) RuntimeGrid:None EditorOnly:false RuntimeOnly:false HLODRelevant:true ListedInSceneOutliner:true IsMainWorldOnly:false
 |   |- [+] Clusters:
 |   |   |- [+] [  0]
 |   |   |   |- Guid:0ADD902640968010529B8BA8AE6FA879 NativeClass:/Script/Engine.StaticMeshActor Name:StaticMeshActor_UAID_9C2DCD235CB5286C02_1315581583 Label:SM_Campfire SpatiallyLoaded:true EditorBounds:IsValid=true, Min=(X=2646.241 Y=4607.541 Z=21.093), Max=(X=2771.316 Y=4734.232 Z=78.638) RuntimeBounds:IsValid=true, Min=(X=2646.241 Y=4607.541 Z=21.093), Max=(X=2771.316 Y=4734.232 Z=78.638) RuntimeGrid:None EditorOnly:false RuntimeOnly:false HLODRelevant:true ListedInSceneOutliner:true IsMainWorldOnly:false
 |   |   |- [+] [  1]
 |   |   |   |- Guid:1228D27844BA9C032F61939F2D44C6EC NativeClass:/Script/Engine.StaticMeshActor Name:StaticMeshActor_UAID_9C2DCD235CB5216C02_1649678360 Label:SM_Cube8 SpatiallyLoaded:true EditorBounds:IsValid=true, Min=(X=1500.000 Y=600.000 Z=700.000), Max=(X=1600.000 Y=1000.000 Z=1200.000) RuntimeBounds:IsValid=true, Min=(X=1500.000 Y=600.000 Z=700.000), Max=(X=1600.000 Y=1000.000 Z=1200.000) RuntimeGrid:None EditorOnly:false RuntimeOnly:false HLODRelevant:true ListedInSceneOutliner:true IsMainWorldOnly:false FolderPath:Playground FolderGuid:C73F09FC4215536B1DCE2A9E0A830C70
 |   |   |- [+] [  2]
 |   |   |   |- Guid:2FB58999456391D349DC0F86DAC136ED NativeClass:/Script/Engine.SkyLight Name:SkyLight_1 Label:SkyLight SpatiallyLoaded:false EditorBounds:IsValid=true, Min=(X=0.000 Y=0.000 Z=690.000), Max=(X=0.000 Y=0.000 Z=690.000) RuntimeBounds:IsValid=true, Min=(X=0.000 Y=0.000 Z=690.000), Max=(X=0.000 Y=0.000 Z=690.000) RuntimeGrid:None EditorOnly:false RuntimeOnly:false HLODRelevant:false ListedInSceneOutliner:true IsMainWorldOnly:false FolderPath:Lighting FolderGuid:963EC3EB4002CCE9759E2EBA541A873A
 |   |   |- [+] [  3]
 |   |   |   |- Guid:316CF2A6494ACA4C0E4180A87D36AB8F NativeClass:/Script/Engine.ExponentialHeightFog Name:ExponentialHeightFog_0 Label:ExponentialHeightFog SpatiallyLoaded:false EditorBounds:IsValid=true, Min=(X=-5600.000 Y=-50.000 Z=-6850.000), Max=(X=-5600.000 Y=-50.000 Z=-6850.000) RuntimeBounds:IsValid=true, Min=(X=-5600.000 Y=-50.000 Z=-6850.000), Max=(X=-5600.000 Y=-50.000 Z=-6850.000) RuntimeGrid:None EditorOnly:false RuntimeOnly:false HLODRelevant:false ListedInSceneOutliner:true IsMainWorldOnly:false FolderPath:Lighting FolderGuid:963EC3EB4002CCE9759E2EBA541A873A
 |   |   |- [+] [  4]
 |   |   |   |- Guid:3A00AA1C422CE54C0BDB60BAF471BFBB NativeClass:/Script/Engine.PlayerStart Name:PlayerStart_0 Label:PlayerStart SpatiallyLoaded:false EditorBounds:IsValid=true, Min=(X=2360.394 Y=4482.076 Z=22.919), Max=(X=2728.394 Y=4738.076 Z=278.919) RuntimeBounds:IsValid=true, Min=(X=2448.394 Y=4570.076 Z=58.919), Max=(X=2528.394 Y=4650.076 Z=242.919) RuntimeGrid:None EditorOnly:false RuntimeOnly:false HLODRelevant:false ListedInSceneOutliner:true IsMainWorldOnly:false
 |   |   |- [+] [  5]
 |   |   |   |- Guid:4D3BE93F4146AAAC8BBE79999D96D57F NativeClass:/Script/Engine.VolumetricCloud Name:VolumetricCloud_0 Label:VolumetricCloud SpatiallyLoaded:false EditorBounds:IsValid=true, Min=(X=0.000 Y=0.000 Z=820.000), Max=(X=0.000 Y=0.000 Z=820.000) RuntimeBounds:IsValid=true, Min=(X=0.000 Y=0.000 Z=820.000), Max=(X=0.000 Y=0.000 Z=820.000) RuntimeGrid:None EditorOnly:false RuntimeOnly:false HLODRelevant:false ListedInSceneOutliner:true IsMainWorldOnly:false FolderPath:Lighting FolderGuid:963EC3EB4002CCE9759E2EBA541A873A
 |   |   |- [+] [  6]
 |   |   |   |- Guid:4E3511344B644AC5BC594D8AED83F752 NativeClass:/Script/Engine.StaticMeshActor Name:StaticMeshActor_UAID_9C2DCD235CB5216C02_1538561358 Label:SM_Cube6 SpatiallyLoaded:true EditorBounds:IsValid=true, Min=(X=1500.000 Y=1000.000 Z=0.000), Max=(X=1600.000 Y=3400.000 Z=1200.000) RuntimeBounds:IsValid=true, Min=(X=1500.000 Y=1000.000 Z=0.000), Max=(X=1600.000 Y=3400.000 Z=1200.000) RuntimeGrid:None EditorOnly:false RuntimeOnly:false HLODRelevant:true ListedInSceneOutliner:true IsMainWorldOnly:false FolderPath:Playground FolderGuid:C73F09FC4215536B1DCE2A9E0A830C70
 |   |   |- [+] [  7]
 |   |   |   |- Guid:5B97F4A64FB21F77EFC44386BF705B4C NativeClass:/Script/Engine.TextRenderActor Name:TextRenderActor_1 Label:TextRenderActor SpatiallyLoaded:true EditorBounds:IsValid=true, Min=(X=-0.100 Y=1100.000 Z=65.013), Max=(X=-0.100 Y=2392.308 Z=215.013) RuntimeBounds:IsValid=true, Min=(X=-0.100 Y=1100.000 Z=65.013), Max=(X=-0.100 Y=2392.308 Z=215.013) RuntimeGrid:None EditorOnly:false RuntimeOnly:false HLODRelevant:false ListedInSceneOutliner:true IsMainWorldOnly:false
 |   |   |- [+] [  8]
 |   |   |   |- Guid:5C4CB20A41A30338ECE7D7AECF37582A NativeClass:/Script/Engine.Emitter Name:Emitter_UAID_9C2DCD235CB52A6C02_1104739940 Label:P_Campfire2 SpatiallyLoaded:true EditorBounds:IsValid=true, Min=(X=1494.234 Y=2829.608 Z=-237.961), Max=(X=2160.000 Y=3423.868 Z=389.744) RuntimeBounds:IsValid=true, Min=(X=1494.234 Y=2829.608 Z=-237.961), Max=(X=2104.043 Y=3423.868 Z=389.744) RuntimeGrid:None EditorOnly:false RuntimeOnly:false HLODRelevant:false ListedInSceneOutliner:true IsMainWorldOnly:false
 |   |   |- [+] [  9]
 |   |   |   |- Guid:659087BD44A7E52B9784B083579D4CAE NativeClass:/Script/AkAudio.AkSpatialAudioVolume Name:AkSpatialAudioVolume_UAID_9C2DCD235CB51E6C02_1882391825 Label:Room_Base SpatiallyLoaded:true EditorBounds:IsValid=true, Min=(X=-944.870 Y=-845.689 Z=-164.478), Max=(X=8255.130 Y=7507.436 Z=1553.312) RuntimeBounds:IsValid=true, Min=(X=-944.870 Y=-845.689 Z=-164.478), Max=(X=8255.130 Y=7507.436 Z=1335.522) RuntimeGrid:None EditorOnly:false RuntimeOnly:false HLODRelevant:false ListedInSceneOutliner:true IsMainWorldOnly:false
 |   |   |- [+] [ 10]
 |   |   |   |- Guid:6BAF4DDD444C60371492D3919DB42C97 NativeClass:/Script/Engine.WorldDataLayers Name:WorldDataLayers Label:WorldDataLayers SpatiallyLoaded:false EditorBounds:IsValid=true, Min=(X=0.000 Y=0.000 Z=0.000), Max=(X=0.000 Y=0.000 Z=0.000) RuntimeBounds:IsValid=true, Min=(X=0.000 Y=0.000 Z=0.000), Max=(X=0.000 Y=0.000 Z=0.000) RuntimeGrid:None EditorOnly:false RuntimeOnly:false HLODRelevant:false ListedInSceneOutliner:true IsMainWorldOnly:true
 |   |   |- [+] [ 11]
 |   |   |   |- Guid:734640FB4B09A23D790573B8D2C94A0A NativeClass:/Script/AkAudio.AkAcousticPortal Name:AkAcousticPortal_UAID_9C2DCD235CB5206C02_1717967180 Label:AkAcousticPortal SpatiallyLoaded:true EditorBounds:IsValid=true, Min=(X=2515.000 Y=3280.000 Z=-25.000), Max=(X=2965.000 Y=3480.000 Z=725.000) RuntimeBounds:IsValid=true, Min=(X=2515.000 Y=3280.000 Z=-25.000), Max=(X=2965.000 Y=3480.000 Z=725.000) RuntimeGrid:None EditorOnly:false RuntimeOnly:false HLODRelevant:false ListedInSceneOutliner:true IsMainWorldOnly:false
 |   |   |- [+] [ 12]
 |   |   |   |- Guid:779E1651467D366DFACA298D6F227C4F BaseClass:/Game/BP/BP_Campfire.BP_Campfire_C NativeClass:/Script/Engine.Actor Name:BP_Campfire_C_UAID_9C2DCD235CB5286C02_1553328585 Label:BP_Campfire SpatiallyLoaded:true EditorBounds:IsValid=true, Min=(X=2710.000 Y=4680.000 Z=90.000), Max=(X=2710.000 Y=4680.000 Z=90.000) RuntimeBounds:IsValid=true, Min=(X=2710.000 Y=4680.000 Z=90.000), Max=(X=2710.000 Y=4680.000 Z=90.000) RuntimeGrid:None EditorOnly:false RuntimeOnly:false HLODRelevant:false ListedInSceneOutliner:true IsMainWorldOnly:false
 |   |   |- [+] [ 13]
 |   |   |   |- Guid:895D419F4DCD5CC6060A9A91D6FB7EBF NativeClass:/Script/Engine.StaticMeshActor Name:StaticMeshActor_UAID_9C2DCD235CB5226C02_1171018537 Label:SM_Cube3 SpatiallyLoaded:true EditorBounds:IsValid=true, Min=(X=0.000 Y=3320.000 Z=0.000), Max=(X=2600.000 Y=3420.000 Z=1200.000) RuntimeBounds:IsValid=true, Min=(X=0.000 Y=3320.000 Z=0.000), Max=(X=2600.000 Y=3420.000 Z=1200.000) RuntimeGrid:None EditorOnly:false RuntimeOnly:false HLODRelevant:true ListedInSceneOutliner:true IsMainWorldOnly:false
 |   |   |- [+] [ 14]
 |   |   |   |- Guid:8D33BDCB4BB05E34870DE38FAC1F1D2B NativeClass:/Script/Engine.StaticMeshActor Name:StaticMeshActor_UAID_9C2DCD235CB5216C02_1595377359 Label:SM_Cube7 SpatiallyLoaded:true EditorBounds:IsValid=true, Min=(X=1500.000 Y=100.000 Z=0.000), Max=(X=1600.000 Y=600.000 Z=1200.000) RuntimeBounds:IsValid=true, Min=(X=1500.000 Y=100.000 Z=0.000), Max=(X=1600.000 Y=600.000 Z=1200.000) RuntimeGrid:None EditorOnly:false RuntimeOnly:false HLODRelevant:true ListedInSceneOutliner:true IsMainWorldOnly:false FolderPath:Playground FolderGuid:C73F09FC4215536B1DCE2A9E0A830C70
 |   |   |- [+] [ 15]
 |   |   |   |- Guid:916A0CF2485350B3E8BA98BCCA7AF4B7 NativeClass:/Script/Engine.Emitter Name:Emitter_UAID_9C2DCD235CB5286C02_1341968584 Label:P_Campfire SpatiallyLoaded:true EditorBounds:IsValid=true, Min=(X=2369.310 Y=4333.977 Z=-282.072), Max=(X=3070.000 Y=4997.345 Z=381.296) RuntimeBounds:IsValid=true, Min=(X=2369.310 Y=4333.977 Z=-282.072), Max=(X=3032.678 Y=4997.345 Z=381.296) RuntimeGrid:None EditorOnly:false RuntimeOnly:false HLODRelevant:false ListedInSceneOutliner:true IsMainWorldOnly:false
 |   |   |- [+] [ 16]
 |   |   |   |- Guid:A56216954B2165CF0F35A886B537D536 NativeClass:/Script/Engine.StaticMeshActor Name:StaticMeshActor_0 Label:SM_Cube5 SpatiallyLoaded:true EditorBounds:IsValid=true, Min=(X=-0.000 Y=100.000 Z=0.000), Max=(X=3000.000 Y=3419.515 Z=1200.000) RuntimeBounds:IsValid=true, Min=(X=-0.000 Y=100.000 Z=0.000), Max=(X=3000.000 Y=3419.515 Z=1200.000) RuntimeGrid:None EditorOnly:false RuntimeOnly:false HLODRelevant:true ListedInSceneOutliner:true IsMainWorldOnly:false FolderPath:Playground FolderGuid:C73F09FC4215536B1DCE2A9E0A830C70
 |   |   |- [+] [ 17]
 |   |   |   |- Guid:A9487A234298224F4F8944B6FC9F19A4 NativeClass:/Script/Engine.StaticMeshActor Name:StaticMeshActor_UAID_9C2DCD235CB52A6C02_1076126939 Label:SM_Campfire2 SpatiallyLoaded:true EditorBounds:IsValid=true, Min=(X=1720.301 Y=3051.926 Z=18.866), Max=(X=1876.646 Y=3210.290 Z=90.798) RuntimeBounds:IsValid=true, Min=(X=1720.301 Y=3051.926 Z=18.866), Max=(X=1876.646 Y=3210.290 Z=90.798) RuntimeGrid:None EditorOnly:false RuntimeOnly:false HLODRelevant:true ListedInSceneOutliner:true IsMainWorldOnly:false
 |   |   |- [+] [ 18]
 |   |   |   |- Guid:B785ED2844B84CFB91E7F39FE661CD99 NativeClass:/Script/Engine.DirectionalLight Name:DirectionalLight_0 Label:DirectionalLight SpatiallyLoaded:false EditorBounds:IsValid=true, Min=(X=-1048576.000 Y=-1048576.000 Z=-1048576.000), Max=(X=1048576.000 Y=1048576.000 Z=1048576.000) RuntimeBounds:IsValid=true, Min=(X=-1048576.000 Y=-1048576.000 Z=-1048576.000), Max=(X=1048576.000 Y=1048576.000 Z=1048576.000) RuntimeGrid:None EditorOnly:false RuntimeOnly:false HLODRelevant:false ListedInSceneOutliner:true IsMainWorldOnly:false FolderPath:Lighting FolderGuid:963EC3EB4002CCE9759E2EBA541A873A
 |   |   |- [+] [ 19]
 |   |   |   |- Guid:BC08B79C4EA3C961CFF75EBBE83B367D NativeClass:/Script/Engine.StaticMeshActor Name:StaticMeshActor_5 Label:SM_Cube2 SpatiallyLoaded:true EditorBounds:IsValid=true, Min=(X=0.000 Y=0.000 Z=0.000), Max=(X=3000.000 Y=100.000 Z=1200.000) RuntimeBounds:IsValid=true, Min=(X=0.000 Y=0.000 Z=0.000), Max=(X=3000.000 Y=100.000 Z=1200.000) RuntimeGrid:None EditorOnly:false RuntimeOnly:false HLODRelevant:true ListedInSceneOutliner:true IsMainWorldOnly:false FolderPath:Playground FolderGuid:C73F09FC4215536B1DCE2A9E0A830C70
 |   |   |- [+] [ 20]
 |   |   |   |- Guid:CCFF262C46EEFFDF319E7F9539CE697E NativeClass:/Script/Engine.SkyAtmosphere Name:SkyAtmosphere_0 Label:SkyAtmosphere SpatiallyLoaded:false EditorBounds:IsValid=true, Min=(X=0.000 Y=0.000 Z=1020.000), Max=(X=0.000 Y=0.000 Z=1020.000) RuntimeBounds:IsValid=true, Min=(X=0.000 Y=0.000 Z=1020.000), Max=(X=0.000 Y=0.000 Z=1020.000) RuntimeGrid:None EditorOnly:false RuntimeOnly:false HLODRelevant:false ListedInSceneOutliner:true IsMainWorldOnly:false FolderPath:Lighting FolderGuid:963EC3EB4002CCE9759E2EBA541A873A
 |   |   |- [+] [ 21]
 |   |   |   |- Guid:DB50A1614F976ABD088340AA542CDA41 NativeClass:/Script/AkAudio.AkSpatialAudioVolume Name:AkSpatialAudioVolume_UAID_9C2DCD235CB5206C02_1262476179 Label:Room_Int SpatiallyLoaded:true EditorBounds:IsValid=true, Min=(X=15.059 Y=13.446 Z=-42.230), Max=(X=2965.059 Y=3413.446 Z=1429.857) RuntimeBounds:IsValid=true, Min=(X=15.059 Y=13.446 Z=-42.230), Max=(X=2965.059 Y=3413.446 Z=1202.230) RuntimeGrid:None EditorOnly:false RuntimeOnly:false HLODRelevant:false ListedInSceneOutliner:true IsMainWorldOnly:false
 |   |   |- [+] [ 22]
 |   |   |   |- Guid:EC4E0C944CE6AC6E784BC6BB2916EA13 NativeClass:/Script/Engine.StaticMeshActor Name:StaticMeshActor_UAID_A4AE111137DC5EFB00_1110535423 Label:SM_SkySphere SpatiallyLoaded:false EditorBounds:IsValid=true, Min=(X=-1638399.963 Y=-1638400.000 Z=-1638400.000), Max=(X=1638399.963 Y=1638400.000 Z=1638400.000) RuntimeBounds:IsValid=true, Min=(X=-1638399.963 Y=-1638400.000 Z=-1638400.000), Max=(X=1638399.963 Y=1638400.000 Z=1638400.000) RuntimeGrid:None EditorOnly:false RuntimeOnly:false HLODRelevant:false ListedInSceneOutliner:true IsMainWorldOnly:false FolderPath:Lighting FolderGuid:963EC3EB4002CCE9759E2EBA541A873A
 |   |   |- [+] [ 23]
 |   |   |   |- Guid:F1924B8D48954B30891B2DB6A694F9CC NativeClass:/Script/Engine.StaticMeshActor Name:StaticMeshActor_1 Label:SM_Cube SpatiallyLoaded:true EditorBounds:IsValid=true, Min=(X=0.000 Y=0.000 Z=-50.000), Max=(X=6950.000 Y=6250.000 Z=25.000) RuntimeBounds:IsValid=true, Min=(X=0.000 Y=0.000 Z=-50.000), Max=(X=6950.000 Y=6250.000 Z=25.000) RuntimeGrid:None EditorOnly:false RuntimeOnly:false HLODRelevant:true ListedInSceneOutliner:true IsMainWorldOnly:false FolderPath:Playground FolderGuid:C73F09FC4215536B1DCE2A9E0A830C70
 |   |   |- [+] [ 24]
 |   |   |   |- Guid:F5E3FEB3450C49844FD93DA8E083C8AD NativeClass:/Script/Engine.PostProcessVolume Name:PostProcessVolume_0 Label:PostProcessVolume SpatiallyLoaded:false EditorBounds:IsValid=true, Min=(X=0.000 Y=0.000 Z=400.000), Max=(X=200.000 Y=200.000 Z=600.000) RuntimeBounds:IsValid=true, Min=(X=0.000 Y=0.000 Z=400.000), Max=(X=200.000 Y=200.000 Z=600.000) RuntimeGrid:None EditorOnly:false RuntimeOnly:false HLODRelevant:false ListedInSceneOutliner:true IsMainWorldOnly:false FolderPath:Lighting FolderGuid:963EC3EB4002CCE9759E2EBA541A873A
 |   |   |- [+] [ 25]
 |   |   |   |- Guid:FFF233FA4474F9EFAA942E8A9CB80753 NativeClass:/Script/Engine.StaticMeshActor Name:StaticMeshActor_UAID_9C2DCD235CB5226C02_1235918538 Label:SM_Cube4 SpatiallyLoaded:true EditorBounds:IsValid=true, Min=(X=2600.000 Y=3320.000 Z=700.000), Max=(X=2900.000 Y=3420.000 Z=1200.000) RuntimeBounds:IsValid=true, Min=(X=2600.000 Y=3320.000 Z=700.000), Max=(X=2900.000 Y=3420.000 Z=1200.000) RuntimeGrid:None EditorOnly:false RuntimeOnly:false HLODRelevant:true ListedInSceneOutliner:true IsMainWorldOnly:false
 |- ContainerInstances:
 |- [+] MainContainer:
 |   |-        ID: 00000000000000000000000000000000
 |   |-  ParentID: 00000000000000000000000000000000
 |   |-    Bounds: IsValid=false, Min=(X=0.000 Y=0.000 Z=0.000), Max=(X=0.000 Y=0.000 Z=0.000)
 |   |- Transform: 0.000000,0.000000,0.000000|0.000000,0.000000,-0.000000|1.000000,1.000000,1.000000
 |   |- Container: /Game/ThirdPerson/Maps/ThirdPersonMap
----------------------------------------------------------------------------------------------------------------
ThirdPersonMap - Persistent Level
----------------------------------------------------------------------------------------------------------------
[+] Content of ThirdPersonMap Persistent Level
 |- Always loaded Actor Count: 26 
 |- Actor Path: /Game/ThirdPerson/Maps/ThirdPersonMap.ThirdPersonMap:PersistentLevel.AkAcousticPortal_UAID_9C2DCD235CB5206C02_1717967180
 |- Actor Package: /Game/__ExternalActors__/ThirdPerson/Maps/ThirdPersonMap/5/3O/O2YP3Q7ZBP0O0LS0O9HGE2
 |- Actor Path: /Game/ThirdPerson/Maps/ThirdPersonMap.ThirdPersonMap:PersistentLevel.AkSpatialAudioVolume_UAID_9C2DCD235CB51E6C02_1882391825
 |- Actor Package: /Game/__ExternalActors__/ThirdPerson/Maps/ThirdPersonMap/C/8F/XL7ANFM2T7DRJRXK7AKW9D
 |- Actor Path: /Game/ThirdPerson/Maps/ThirdPersonMap.ThirdPersonMap:PersistentLevel.AkSpatialAudioVolume_UAID_9C2DCD235CB5206C02_1262476179
 |- Actor Package: /Game/__ExternalActors__/ThirdPerson/Maps/ThirdPersonMap/B/UC/DEJOQ91D894U6JNI126G6V
 |- Actor Path: /Game/ThirdPerson/Maps/ThirdPersonMap.ThirdPersonMap:PersistentLevel.BP_Campfire_C_UAID_9C2DCD235CB5286C02_1553328585
 |- Actor Package: /Game/__ExternalActors__/ThirdPerson/Maps/ThirdPersonMap/9/AE/3DF4U2RSFWBBOID5KZJAA5
 |- Actor Path: /Game/ThirdPerson/Maps/ThirdPersonMap.ThirdPersonMap:PersistentLevel.DirectionalLight_0
 |- Actor Package: /Game/__ExternalActors__/ThirdPerson/Maps/ThirdPersonMap/5/R1/TS5OQ5CRUWFZYL1ZQ7I416
 |- Actor Path: /Game/ThirdPerson/Maps/ThirdPersonMap.ThirdPersonMap:PersistentLevel.Emitter_UAID_9C2DCD235CB5286C02_1341968584
 |- Actor Package: /Game/__ExternalActors__/ThirdPerson/Maps/ThirdPersonMap/9/UT/2N1T27WHCSLBM5SBYUTJBD
 |- Actor Path: /Game/ThirdPerson/Maps/ThirdPersonMap.ThirdPersonMap:PersistentLevel.Emitter_UAID_9C2DCD235CB52A6C02_1104739940
 |- Actor Package: /Game/__ExternalActors__/ThirdPerson/Maps/ThirdPersonMap/B/WK/M1FMRZP9BSF5D65PFWMUEB
 |- Actor Path: /Game/ThirdPerson/Maps/ThirdPersonMap.ThirdPersonMap:PersistentLevel.ExponentialHeightFog_0
 |- Actor Package: /Game/__ExternalActors__/ThirdPerson/Maps/ThirdPersonMap/6/J7/N10XDC9G27EMLS5AGZ6AVV
 |- Actor Path: /Game/ThirdPerson/Maps/ThirdPersonMap.ThirdPersonMap:PersistentLevel.PlayerStart_0
 |- Actor Package: /Game/__ExternalActors__/ThirdPerson/Maps/ThirdPersonMap/D/DE/SWSI13675DVYIZ0N4NF7Y3
 |- Actor Path: /Game/ThirdPerson/Maps/ThirdPersonMap.ThirdPersonMap:PersistentLevel.PostProcessVolume_0
 |- Actor Package: /Game/__ExternalActors__/ThirdPerson/Maps/ThirdPersonMap/1/AZ/A7GPT109Y6ZTTJD4A7TXER
 |- Actor Path: /Game/ThirdPerson/Maps/ThirdPersonMap.ThirdPersonMap:PersistentLevel.SkyAtmosphere_0
 |- Actor Package: /Game/__ExternalActors__/ThirdPerson/Maps/ThirdPersonMap/4/LN/30UBDLYFFA5ZR7U4W4L4GG
 |- Actor Path: /Game/ThirdPerson/Maps/ThirdPersonMap.ThirdPersonMap:PersistentLevel.SkyLight_1
 |- Actor Package: /Game/__ExternalActors__/ThirdPerson/Maps/ThirdPersonMap/8/S1/DXUWD12MD3HRWVVXX076BY
 |- Actor Path: /Game/ThirdPerson/Maps/ThirdPersonMap.ThirdPersonMap:PersistentLevel.StaticMeshActor_0
 |- Actor Package: /Game/__ExternalActors__/ThirdPerson/Maps/ThirdPersonMap/A/MS/MRHJREJ6H7USQYWF1KO8F6
 |- Actor Path: /Game/ThirdPerson/Maps/ThirdPersonMap.ThirdPersonMap:PersistentLevel.StaticMeshActor_1
 |- Actor Package: /Game/__ExternalActors__/ThirdPerson/Maps/ThirdPersonMap/6/YO/NG2R9BPZVA7ZDN0Z4VSTG6
 |- Actor Path: /Game/ThirdPerson/Maps/ThirdPersonMap.ThirdPersonMap:PersistentLevel.StaticMeshActor_5
 |- Actor Package: /Game/__ExternalActors__/ThirdPerson/Maps/ThirdPersonMap/C/QF/BY1DA5CRGQSAMOTK8RA8KR
 |- Actor Path: /Game/ThirdPerson/Maps/ThirdPersonMap.ThirdPersonMap:PersistentLevel.StaticMeshActor_UAID_9C2DCD235CB5216C02_1538561358
 |- Actor Package: /Game/__ExternalActors__/ThirdPerson/Maps/ThirdPersonMap/1/BN/21WWRKX8UNMB4RHRXBMC4U
 |- Actor Path: /Game/ThirdPerson/Maps/ThirdPersonMap.ThirdPersonMap:PersistentLevel.StaticMeshActor_UAID_9C2DCD235CB5216C02_1595377359
 |- Actor Package: /Game/__ExternalActors__/ThirdPerson/Maps/ThirdPersonMap/2/MO/L85OOV0LYWE7WCZT7QWO7W
 |- Actor Path: /Game/ThirdPerson/Maps/ThirdPersonMap.ThirdPersonMap:PersistentLevel.StaticMeshActor_UAID_9C2DCD235CB5216C02_1649678360
 |- Actor Package: /Game/__ExternalActors__/ThirdPerson/Maps/ThirdPersonMap/D/JZ/BRYUG41YDZUOOAW64XKAQT
 |- Actor Path: /Game/ThirdPerson/Maps/ThirdPersonMap.ThirdPersonMap:PersistentLevel.StaticMeshActor_UAID_9C2DCD235CB5226C02_1171018537
 |- Actor Package: /Game/__ExternalActors__/ThirdPerson/Maps/ThirdPersonMap/4/9H/HKX2ZO9FUXC1FT3365SGTT
 |- Actor Path: /Game/ThirdPerson/Maps/ThirdPersonMap.ThirdPersonMap:PersistentLevel.StaticMeshActor_UAID_9C2DCD235CB5226C02_1235918538
 |- Actor Package: /Game/__ExternalActors__/ThirdPerson/Maps/ThirdPersonMap/7/7I/6A65NTZY9QUH38JWXRBOTR
 |- Actor Path: /Game/ThirdPerson/Maps/ThirdPersonMap.ThirdPersonMap:PersistentLevel.StaticMeshActor_UAID_9C2DCD235CB5286C02_1315581583
 |- Actor Package: /Game/__ExternalActors__/ThirdPerson/Maps/ThirdPersonMap/2/WX/WB6WJA5NJ4HNKN9YPORS5D
 |- Actor Path: /Game/ThirdPerson/Maps/ThirdPersonMap.ThirdPersonMap:PersistentLevel.StaticMeshActor_UAID_9C2DCD235CB52A6C02_1076126939
 |- Actor Package: /Game/__ExternalActors__/ThirdPerson/Maps/ThirdPersonMap/B/5N/GY4MF02PCSIGISTB2QONCA
 |- Actor Path: /Game/ThirdPerson/Maps/ThirdPersonMap.ThirdPersonMap:PersistentLevel.StaticMeshActor_UAID_A4AE111137DC5EFB00_1110535423
 |- Actor Package: /Game/__ExternalActors__/ThirdPerson/Maps/ThirdPersonMap/4/PN/2QISIGK5DJNQ05US8O8FXW
 |- Actor Path: /Game/ThirdPerson/Maps/ThirdPersonMap.ThirdPersonMap:PersistentLevel.TextRenderActor_1
 |- Actor Package: /Game/__ExternalActors__/ThirdPerson/Maps/ThirdPersonMap/1/WU/NB37RT5Q32Z8MJWD8BD2SO
 |- Actor Path: /Game/ThirdPerson/Maps/ThirdPersonMap.ThirdPersonMap:PersistentLevel.VolumetricCloud_0
 |- Actor Package: /Game/__ExternalActors__/ThirdPerson/Maps/ThirdPersonMap/3/EY/87SHEJN5UBEAN2K5OV1G6R
 |- Actor Path: /Game/ThirdPerson/Maps/ThirdPersonMap.ThirdPersonMap:PersistentLevel.WorldDataLayers
 |- Actor Package: /Game/__ExternalActors__/ThirdPerson/Maps/ThirdPersonMap/0/43/HYQWORMY4JDQ5X3OKZXFLC

----------------------------------------------------------------------------------------------------------------
ThirdPersonMap - Runtime Hash Set
----------------------------------------------------------------------------------------------------------------

